<?xml version="1.0" encoding="utf-8"?>
<TestRun id="852afef3-fd90-4ba5-8471-b1001943abba" name="Anderson@R9 2024-04-18 07:34:17" runUser="R9\Anderson" xmlns="http://microsoft.com/schemas/VisualStudio/TeamTest/2010">
  <Times creation="2024-04-18T07:34:17.7725553-03:00" queuing="2024-04-18T07:34:17.7725553-03:00" start="2024-04-18T07:34:17.4806377-03:00" finish="2024-04-18T07:34:17.7865531-03:00" />
  <TestSettings name="default" id="103e1c1c-2ac8-4db7-9d95-07ca5cbe0698">
    <Deployment runDeploymentRoot="Anderson_R9_2024-04-18_07_34_17" />
  </TestSettings>
  <Results>
    <UnitTestResult executionId="b7e6cb03-c3e9-4b7b-85d9-2b6eeb0c0d7c" testId="d7ed36e6-eaa5-5fa4-cbb3-70c0f20a3ae9" testName="motorcycle.domain.unittest.ValueObjects.TaxesUnitTest.CalculateTaxesWithLessDays" computerName="R9" duration="00:00:00.0002400" startTime="2024-04-18T07:34:17.7587669-03:00" endTime="2024-04-18T07:34:17.7587669-03:00" testType="13cdc9d9-ddb5-4fa4-a97d-d965ccfc6d4b" outcome="Passed" testListId="8c84fa94-04c1-424b-9868-57a2d4851a1d" relativeResultsDirectory="b7e6cb03-c3e9-4b7b-85d9-2b6eeb0c0d7c" />
    <UnitTestResult executionId="5e645c57-da19-4bfe-a720-a0c0a8d23f1d" testId="558092b9-90df-39bc-c77e-909c8bfe27aa" testName="motorcycle.domain.unittest.ValueObjects.CNHUnitTest.CNH_ChangeDocumentNumber_InvalidDocumentNumber" computerName="R9" duration="00:00:00.0000996" startTime="2024-04-18T07:34:17.7598489-03:00" endTime="2024-04-18T07:34:17.7598490-03:00" testType="13cdc9d9-ddb5-4fa4-a97d-d965ccfc6d4b" outcome="Passed" testListId="8c84fa94-04c1-424b-9868-57a2d4851a1d" relativeResultsDirectory="5e645c57-da19-4bfe-a720-a0c0a8d23f1d" />
    <UnitTestResult executionId="0ae40822-2f80-4837-959c-0bf2d4dbed09" testId="a82bbccf-c9fc-3e15-097c-dbdad53e59c2" testName="motorcycle.domain.unittest.Entities.DriverUnitTest.Driver_ChangeCNPJ_ValidCNPJ" computerName="R9" duration="00:00:00.0000556" startTime="2024-04-18T07:34:17.7596488-03:00" endTime="2024-04-18T07:34:17.7596489-03:00" testType="13cdc9d9-ddb5-4fa4-a97d-d965ccfc6d4b" outcome="Passed" testListId="8c84fa94-04c1-424b-9868-57a2d4851a1d" relativeResultsDirectory="0ae40822-2f80-4837-959c-0bf2d4dbed09" />
    <UnitTestResult executionId="3ec766b4-63e8-448c-8c52-5edd2cf69f2c" testId="222ed97c-791f-2c3f-bc14-f550d7c8981d" testName="motorcycle.domain.unittest.Entities.VehicleUnitTest.Vehicle_ChangeModel_ValidModel" computerName="R9" duration="00:00:00.0000559" startTime="2024-04-18T07:34:17.7594196-03:00" endTime="2024-04-18T07:34:17.7594196-03:00" testType="13cdc9d9-ddb5-4fa4-a97d-d965ccfc6d4b" outcome="Passed" testListId="8c84fa94-04c1-424b-9868-57a2d4851a1d" relativeResultsDirectory="3ec766b4-63e8-448c-8c52-5edd2cf69f2c" />
    <UnitTestResult executionId="5d189c92-fde2-4be2-a46f-6a00805f6c09" testId="c38741d5-de56-12c8-1781-0c3de9051d01" testName="motorcycle.domain.unittest.Entities.RentVehicleUnitTest.RentVehicle_ChangeDriver_ValidDriver" computerName="R9" duration="00:00:00.0000631" startTime="2024-04-18T07:34:17.7596809-03:00" endTime="2024-04-18T07:34:17.7596810-03:00" testType="13cdc9d9-ddb5-4fa4-a97d-d965ccfc6d4b" outcome="Passed" testListId="8c84fa94-04c1-424b-9868-57a2d4851a1d" relativeResultsDirectory="5d189c92-fde2-4be2-a46f-6a00805f6c09" />
    <UnitTestResult executionId="eab533cf-7479-44b2-8c4b-ef7bec959af2" testId="76f24cb7-9136-a30a-d3ab-6635ee63d6eb" testName="motorcycle.domain.unittest.Entities.DriverUnitTest.Driver_ChangeName_ValidName" computerName="R9" duration="00:00:00.0049396" startTime="2024-04-18T07:34:17.7454714-03:00" endTime="2024-04-18T07:34:17.7454715-03:00" testType="13cdc9d9-ddb5-4fa4-a97d-d965ccfc6d4b" outcome="Passed" testListId="8c84fa94-04c1-424b-9868-57a2d4851a1d" relativeResultsDirectory="eab533cf-7479-44b2-8c4b-ef7bec959af2" />
    <UnitTestResult executionId="88ab303e-440a-4d0d-90c7-354b62c3f4e2" testId="21484ddd-aeca-038f-910a-83438820d144" testName="motorcycle.domain.unittest.ValueObjects.CNHUnitTest.CNH_ChangeDocumentType_ValidDocumentType" computerName="R9" duration="00:00:00.0000568" startTime="2024-04-18T07:34:17.7598714-03:00" endTime="2024-04-18T07:34:17.7598714-03:00" testType="13cdc9d9-ddb5-4fa4-a97d-d965ccfc6d4b" outcome="Passed" testListId="8c84fa94-04c1-424b-9868-57a2d4851a1d" relativeResultsDirectory="88ab303e-440a-4d0d-90c7-354b62c3f4e2" />
    <UnitTestResult executionId="40488d95-2ada-46f3-a1eb-7088cb145ad7" testId="afb971a0-08d3-749f-4f0f-39e5c761cbde" testName="motorcycle.domain.unittest.Entities.DriverUnitTest.Driver_ChangeBirthDay_InvalidBirthDay" computerName="R9" duration="00:00:00.0001069" startTime="2024-04-18T07:34:17.7598260-03:00" endTime="2024-04-18T07:34:17.7598260-03:00" testType="13cdc9d9-ddb5-4fa4-a97d-d965ccfc6d4b" outcome="Passed" testListId="8c84fa94-04c1-424b-9868-57a2d4851a1d" relativeResultsDirectory="40488d95-2ada-46f3-a1eb-7088cb145ad7" />
    <UnitTestResult executionId="09383c4a-db2a-41fe-bfd4-c8c88f858ae5" testId="130156e4-a5f5-2600-1424-9e0ce871e9ea" testName="motorcycle.domain.unittest.Entities.PlanUnitTest.Plan_ChangeDaysWithVehicle_InvalidDays" computerName="R9" duration="00:00:00.0001321" startTime="2024-04-18T07:34:17.7593642-03:00" endTime="2024-04-18T07:34:17.7593642-03:00" testType="13cdc9d9-ddb5-4fa4-a97d-d965ccfc6d4b" outcome="Passed" testListId="8c84fa94-04c1-424b-9868-57a2d4851a1d" relativeResultsDirectory="09383c4a-db2a-41fe-bfd4-c8c88f858ae5" />
    <UnitTestResult executionId="1914c410-c488-4c6e-a79d-e9642ca794c5" testId="6e81a777-593b-4877-67a9-5c29c331ef77" testName="motorcycle.domain.unittest.Entities.RentVehicleUnitTest.RentVehicle_ChangeCause_ValidCause" computerName="R9" duration="00:00:00.0001031" startTime="2024-04-18T07:34:17.7598371-03:00" endTime="2024-04-18T07:34:17.7598371-03:00" testType="13cdc9d9-ddb5-4fa4-a97d-d965ccfc6d4b" outcome="Passed" testListId="8c84fa94-04c1-424b-9868-57a2d4851a1d" relativeResultsDirectory="1914c410-c488-4c6e-a79d-e9642ca794c5" />
    <UnitTestResult executionId="d8a04776-8af8-4cda-adb0-501b65b9efde" testId="863c9c98-dc6b-d214-de53-fdf2aa81b10f" testName="motorcycle.domain.unittest.Entities.DriverUnitTest.Driver_Creation_ValidProperties" computerName="R9" duration="00:00:00.0001555" startTime="2024-04-18T07:34:17.7596076-03:00" endTime="2024-04-18T07:34:17.7596076-03:00" testType="13cdc9d9-ddb5-4fa4-a97d-d965ccfc6d4b" outcome="Passed" testListId="8c84fa94-04c1-424b-9868-57a2d4851a1d" relativeResultsDirectory="d8a04776-8af8-4cda-adb0-501b65b9efde" />
    <UnitTestResult executionId="f0a5dcfb-ab99-4fb0-aef3-307f3536c465" testId="385ea3e7-caa6-06bc-a5d1-52585b3b290d" testName="motorcycle.domain.unittest.Entities.PlanUnitTest.Plan_ChangeDaysWithVehicle_ValidDays" computerName="R9" duration="00:00:00.0000679" startTime="2024-04-18T07:34:17.7587378-03:00" endTime="2024-04-18T07:34:17.7587379-03:00" testType="13cdc9d9-ddb5-4fa4-a97d-d965ccfc6d4b" outcome="Passed" testListId="8c84fa94-04c1-424b-9868-57a2d4851a1d" relativeResultsDirectory="f0a5dcfb-ab99-4fb0-aef3-307f3536c465" />
    <UnitTestResult executionId="f29c6397-b8cb-4378-9863-ec245e77bde4" testId="0b7d746a-4d5d-663a-08ba-0a0a6a9097c1" testName="motorcycle.domain.unittest.Entities.RentVehicleUnitTest.RentVehicle_ChangeEndDate_ValidEndDate" computerName="R9" duration="00:00:00.0049569" startTime="2024-04-18T07:34:17.7454747-03:00" endTime="2024-04-18T07:34:17.7454747-03:00" testType="13cdc9d9-ddb5-4fa4-a97d-d965ccfc6d4b" outcome="Passed" testListId="8c84fa94-04c1-424b-9868-57a2d4851a1d" relativeResultsDirectory="f29c6397-b8cb-4378-9863-ec245e77bde4" />
    <UnitTestResult executionId="798c09ab-20f7-4e2c-8818-1a5b487b2b94" testId="c41bde4b-12de-1a6f-bc3f-a730200b66f3" testName="motorcycle.domain.unittest.ValueObjects.CNHUnitTest.CNH_ChangeDocumentNumber_ValidDocumentNumber" computerName="R9" duration="00:00:00.0000462" startTime="2024-04-18T07:34:17.7598938-03:00" endTime="2024-04-18T07:34:17.7598938-03:00" testType="13cdc9d9-ddb5-4fa4-a97d-d965ccfc6d4b" outcome="Passed" testListId="8c84fa94-04c1-424b-9868-57a2d4851a1d" relativeResultsDirectory="798c09ab-20f7-4e2c-8818-1a5b487b2b94" />
    <UnitTestResult executionId="4bc184f4-bb6f-453e-becb-385950f92bd9" testId="e5613b70-fccc-911f-4e6a-9c2558ae599f" testName="motorcycle.domain.unittest.Entities.DriverUnitTest.Driver_ChangeCNPJ_InvalidCNPJ" computerName="R9" duration="00:00:00.0003724" startTime="2024-04-18T07:34:17.7594312-03:00" endTime="2024-04-18T07:34:17.7594312-03:00" testType="13cdc9d9-ddb5-4fa4-a97d-d965ccfc6d4b" outcome="Passed" testListId="8c84fa94-04c1-424b-9868-57a2d4851a1d" relativeResultsDirectory="4bc184f4-bb6f-453e-becb-385950f92bd9" />
    <UnitTestResult executionId="79283998-4045-4607-a3eb-a36702713bf1" testId="cebc7ebb-79c6-4b80-2a44-1119365903dc" testName="motorcycle.domain.unittest.Entities.RentVehicleUnitTest.RentVehicle_ChangeDriver_InvalidDriver" computerName="R9" duration="00:00:00.0001186" startTime="2024-04-18T07:34:17.7596201-03:00" endTime="2024-04-18T07:34:17.7596201-03:00" testType="13cdc9d9-ddb5-4fa4-a97d-d965ccfc6d4b" outcome="Passed" testListId="8c84fa94-04c1-424b-9868-57a2d4851a1d" relativeResultsDirectory="79283998-4045-4607-a3eb-a36702713bf1" />
    <UnitTestResult executionId="2a8ff149-cd36-4fb9-8aef-fe9aaf28c985" testId="e15b20ed-ffb7-d9a1-98f4-3c0c599842b0" testName="motorcycle.domain.unittest.Entities.PlanUnitTest.Plan_Creation_ValidProperties" computerName="R9" duration="00:00:00.0049384" startTime="2024-04-18T07:34:17.7440217-03:00" endTime="2024-04-18T07:34:17.7440378-03:00" testType="13cdc9d9-ddb5-4fa4-a97d-d965ccfc6d4b" outcome="Passed" testListId="8c84fa94-04c1-424b-9868-57a2d4851a1d" relativeResultsDirectory="2a8ff149-cd36-4fb9-8aef-fe9aaf28c985" />
    <UnitTestResult executionId="e2837ba6-e9e0-4673-8e1e-409c7d27f183" testId="429cca6e-ebcc-b2d9-d3c7-5750f14246ab" testName="motorcycle.domain.unittest.Entities.PlanUnitTest.Plan_ChangePrice_ValidPrice" computerName="R9" duration="00:00:00.0000881" startTime="2024-04-18T07:34:17.7586193-03:00" endTime="2024-04-18T07:34:17.7586194-03:00" testType="13cdc9d9-ddb5-4fa4-a97d-d965ccfc6d4b" outcome="Passed" testListId="8c84fa94-04c1-424b-9868-57a2d4851a1d" relativeResultsDirectory="e2837ba6-e9e0-4673-8e1e-409c7d27f183" />
    <UnitTestResult executionId="fe399927-77b7-4f3c-a2ae-92c3930137a2" testId="d6efadcb-0027-778a-16f4-7efe61cd613a" testName="motorcycle.domain.unittest.Entities.VehicleUnitTest.Vehicle_ChangeModel_InvalidModel" computerName="R9" duration="00:00:00.0000928" startTime="2024-04-18T07:34:17.7594078-03:00" endTime="2024-04-18T07:34:17.7594078-03:00" testType="13cdc9d9-ddb5-4fa4-a97d-d965ccfc6d4b" outcome="Passed" testListId="8c84fa94-04c1-424b-9868-57a2d4851a1d" relativeResultsDirectory="fe399927-77b7-4f3c-a2ae-92c3930137a2" />
    <UnitTestResult executionId="d0742fbf-9e5e-44a2-b23a-dd0c7a2c5c93" testId="3a3a2f3f-3ee7-f8b1-b92c-4be1024d01b1" testName="motorcycle.domain.unittest.Entities.VehicleUnitTest.Vehicle_Creation_ValidProperties" computerName="R9" duration="00:00:00.0001477" startTime="2024-04-18T07:34:17.7587250-03:00" endTime="2024-04-18T07:34:17.7587250-03:00" testType="13cdc9d9-ddb5-4fa4-a97d-d965ccfc6d4b" outcome="Passed" testListId="8c84fa94-04c1-424b-9868-57a2d4851a1d" relativeResultsDirectory="d0742fbf-9e5e-44a2-b23a-dd0c7a2c5c93" />
    <UnitTestResult executionId="0919464d-aa85-49d2-a70d-f16f6947424d" testId="52adbd51-a5a7-5a39-988e-d2a2508b663b" testName="motorcycle.domain.unittest.Entities.DriverUnitTest.Driver_ChangeBirthDay_ValidBirthDay" computerName="R9" duration="00:00:00.0000715" startTime="2024-04-18T07:34:17.7596318-03:00" endTime="2024-04-18T07:34:17.7596318-03:00" testType="13cdc9d9-ddb5-4fa4-a97d-d965ccfc6d4b" outcome="Passed" testListId="8c84fa94-04c1-424b-9868-57a2d4851a1d" relativeResultsDirectory="0919464d-aa85-49d2-a70d-f16f6947424d" />
    <UnitTestResult executionId="56864238-0dd5-476d-8cf9-0b5ef6a73577" testId="18b66e2a-52ac-cd0e-5f2f-00adda9868c2" testName="motorcycle.domain.unittest.Entities.RentVehicleUnitTest.RentVehicle_CancelRent_ValidCancellation" computerName="R9" duration="00:00:00.0002037" startTime="2024-04-18T07:34:17.7600523-03:00" endTime="2024-04-18T07:34:17.7600524-03:00" testType="13cdc9d9-ddb5-4fa4-a97d-d965ccfc6d4b" outcome="Passed" testListId="8c84fa94-04c1-424b-9868-57a2d4851a1d" relativeResultsDirectory="56864238-0dd5-476d-8cf9-0b5ef6a73577" />
    <UnitTestResult executionId="ad14d146-d258-47c3-bd2c-1fc6a682e2ce" testId="0f30b76d-e972-806f-d098-e6ee422eb5fd" testName="motorcycle.domain.unittest.ValueObjects.CNHUnitTest.CNH_ChangeExpiration_ValidExpirationDate" computerName="R9" duration="00:00:00.0049399" startTime="2024-04-18T07:34:17.7454779-03:00" endTime="2024-04-18T07:34:17.7454779-03:00" testType="13cdc9d9-ddb5-4fa4-a97d-d965ccfc6d4b" outcome="Passed" testListId="8c84fa94-04c1-424b-9868-57a2d4851a1d" relativeResultsDirectory="ad14d146-d258-47c3-bd2c-1fc6a682e2ce" />
    <UnitTestResult executionId="5f3dd3d1-932f-4504-891c-286cbddc941f" testId="94a10d9c-b430-2066-648b-bd6fe567ebb0" testName="motorcycle.domain.unittest.ValueObjects.CNHUnitTest.CNH_ChangeDocumentType_InvalidDocumentType" computerName="R9" duration="00:00:00.0008969" startTime="2024-04-18T07:34:17.7587729-03:00" endTime="2024-04-18T07:34:17.7587730-03:00" testType="13cdc9d9-ddb5-4fa4-a97d-d965ccfc6d4b" outcome="Passed" testListId="8c84fa94-04c1-424b-9868-57a2d4851a1d" relativeResultsDirectory="5f3dd3d1-932f-4504-891c-286cbddc941f" />
    <UnitTestResult executionId="1c32a375-5981-466f-8f42-3ce1854dce5f" testId="4c5ea882-cae3-5335-5b6c-aa74996d315e" testName="motorcycle.domain.unittest.Entities.RentVehicleUnitTest.RentVehicle_ChangeEndDate_InvalidEndDate" computerName="R9" duration="00:00:00.0001038" startTime="2024-04-18T07:34:17.7598831-03:00" endTime="2024-04-18T07:34:17.7598831-03:00" testType="13cdc9d9-ddb5-4fa4-a97d-d965ccfc6d4b" outcome="Passed" testListId="8c84fa94-04c1-424b-9868-57a2d4851a1d" relativeResultsDirectory="1c32a375-5981-466f-8f42-3ce1854dce5f" />
    <UnitTestResult executionId="b89ac8da-4f09-4262-b661-552c562c1636" testId="02cd5db8-7e0d-38ca-ecee-21dc89781d54" testName="motorcycle.domain.unittest.Entities.RentVehicleUnitTest.RentVehicle_ChangeDateToRent_InvalidDateToRent" computerName="R9" duration="00:00:00.0001053" startTime="2024-04-18T07:34:17.7596439-03:00" endTime="2024-04-18T07:34:17.7596439-03:00" testType="13cdc9d9-ddb5-4fa4-a97d-d965ccfc6d4b" outcome="Passed" testListId="8c84fa94-04c1-424b-9868-57a2d4851a1d" relativeResultsDirectory="b89ac8da-4f09-4262-b661-552c562c1636" />
    <UnitTestResult executionId="383875d5-971e-44e0-aec2-1823f0d4da85" testId="9fe5da04-a4a1-3efb-2b37-1fbfdb7f708e" testName="motorcycle.domain.unittest.Entities.RentVehicleUnitTest.RentVehicle_Creation_ValidProperties" computerName="R9" duration="00:00:00.0014622" startTime="2024-04-18T07:34:17.7594549-03:00" endTime="2024-04-18T07:34:17.7594549-03:00" testType="13cdc9d9-ddb5-4fa4-a97d-d965ccfc6d4b" outcome="Passed" testListId="8c84fa94-04c1-424b-9868-57a2d4851a1d" relativeResultsDirectory="383875d5-971e-44e0-aec2-1823f0d4da85" />
    <UnitTestResult executionId="3664318f-5bcd-4e60-b750-9f82b1ffbdc8" testId="f270f91c-e13a-a4da-c758-f3b7fbf5ca28" testName="motorcycle.domain.unittest.Entities.RentVehicleUnitTest.RentVehicle_ChangeDateToRent_ValidDateToRent" computerName="R9" duration="00:00:00.0000637" startTime="2024-04-18T07:34:17.7600637-03:00" endTime="2024-04-18T07:34:17.7600637-03:00" testType="13cdc9d9-ddb5-4fa4-a97d-d965ccfc6d4b" outcome="Passed" testListId="8c84fa94-04c1-424b-9868-57a2d4851a1d" relativeResultsDirectory="3664318f-5bcd-4e60-b750-9f82b1ffbdc8" />
    <UnitTestResult executionId="7d88aaa0-ee0c-4021-8fb9-1906f95befef" testId="a204017c-1378-2b06-bede-67c1262ec87a" testName="motorcycle.domain.unittest.Entities.VehicleUnitTest.Vehicle_ChangeType_ValidType" computerName="R9" duration="00:00:00.0049409" startTime="2024-04-18T07:34:17.7454640-03:00" endTime="2024-04-18T07:34:17.7454641-03:00" testType="13cdc9d9-ddb5-4fa4-a97d-d965ccfc6d4b" outcome="Passed" testListId="8c84fa94-04c1-424b-9868-57a2d4851a1d" relativeResultsDirectory="7d88aaa0-ee0c-4021-8fb9-1906f95befef" />
    <UnitTestResult executionId="9a5496b2-df21-4cc0-82e2-e74dec35e5d1" testId="a5b6a396-ef79-bc93-d30e-5ae04af953f0" testName="motorcycle.domain.unittest.ValueObjects.TaxesUnitTest.CalculateTaxesWithMoreDays" computerName="R9" duration="00:00:00.0049280" startTime="2024-04-18T07:34:17.7453381-03:00" endTime="2024-04-18T07:34:17.7453381-03:00" testType="13cdc9d9-ddb5-4fa4-a97d-d965ccfc6d4b" outcome="Passed" testListId="8c84fa94-04c1-424b-9868-57a2d4851a1d" relativeResultsDirectory="9a5496b2-df21-4cc0-82e2-e74dec35e5d1" />
    <UnitTestResult executionId="3db8ce80-80d9-4e38-b4f7-07211450622e" testId="3fff1954-7d55-2f63-e73b-2940ae022577" testName="motorcycle.domain.unittest.ValueObjects.TaxesUnitTest.CalculateTaxesWithExactlyDays" computerName="R9" duration="00:00:00.0001932" startTime="2024-04-18T07:34:17.7587548-03:00" endTime="2024-04-18T07:34:17.7587549-03:00" testType="13cdc9d9-ddb5-4fa4-a97d-d965ccfc6d4b" outcome="Passed" testListId="8c84fa94-04c1-424b-9868-57a2d4851a1d" relativeResultsDirectory="3db8ce80-80d9-4e38-b4f7-07211450622e" />
    <UnitTestResult executionId="c358ffdc-4ba5-41cc-84fc-9e63f14e1cff" testId="229f3ae8-783b-1edd-cc3d-367e396988dc" testName="motorcycle.domain.unittest.Entities.RentVehicleUnitTest.RentVehicle_ChangePlan_ValidPlan" computerName="R9" duration="00:00:00.0000629" startTime="2024-04-18T07:34:17.7598546-03:00" endTime="2024-04-18T07:34:17.7598547-03:00" testType="13cdc9d9-ddb5-4fa4-a97d-d965ccfc6d4b" outcome="Passed" testListId="8c84fa94-04c1-424b-9868-57a2d4851a1d" relativeResultsDirectory="c358ffdc-4ba5-41cc-84fc-9e63f14e1cff" />
    <UnitTestResult executionId="3d2cc85a-662c-4135-87a1-76c98f0911f0" testId="4d8bc5d6-e7f9-1467-1a0f-187491400079" testName="motorcycle.domain.unittest.Entities.DriverUnitTest.Driver_ChangeCNH_ValidCNH" computerName="R9" duration="00:00:00.0000476" startTime="2024-04-18T07:34:17.7596696-03:00" endTime="2024-04-18T07:34:17.7596696-03:00" testType="13cdc9d9-ddb5-4fa4-a97d-d965ccfc6d4b" outcome="Passed" testListId="8c84fa94-04c1-424b-9868-57a2d4851a1d" relativeResultsDirectory="3d2cc85a-662c-4135-87a1-76c98f0911f0" />
    <UnitTestResult executionId="65978869-7814-400f-b8b9-546c5434f683" testId="5ee6b803-6ab0-e29d-ba4b-51c38ab1ef7f" testName="motorcycle.domain.unittest.Entities.DriverUnitTest.Driver_ChangeName_InvalidName" computerName="R9" duration="00:00:00.0009846" startTime="2024-04-18T07:34:17.7593455-03:00" endTime="2024-04-18T07:34:17.7593455-03:00" testType="13cdc9d9-ddb5-4fa4-a97d-d965ccfc6d4b" outcome="Passed" testListId="8c84fa94-04c1-424b-9868-57a2d4851a1d" relativeResultsDirectory="65978869-7814-400f-b8b9-546c5434f683" />
    <UnitTestResult executionId="7b437f40-297d-4c67-ad1b-c2037b54a9f9" testId="273b203d-eb9f-cfc8-ab21-919aa5dde2a8" testName="motorcycle.domain.unittest.Entities.VehicleUnitTest.Vehicle_ChangeType_InvalidYear" computerName="R9" duration="00:00:00.0001109" startTime="2024-04-18T07:34:17.7594492-03:00" endTime="2024-04-18T07:34:17.7594492-03:00" testType="13cdc9d9-ddb5-4fa4-a97d-d965ccfc6d4b" outcome="Passed" testListId="8c84fa94-04c1-424b-9868-57a2d4851a1d" relativeResultsDirectory="7b437f40-297d-4c67-ad1b-c2037b54a9f9" />
    <UnitTestResult executionId="fc1b3670-81ec-450b-80fe-f1d623d551bd" testId="dfcc76fe-8ceb-bdb1-95e5-2c3368885760" testName="motorcycle.domain.unittest.Entities.RentVehicleUnitTest.RentVehicle_ChangeVehicle_ValidVehicle" computerName="R9" duration="00:00:00.0000559" startTime="2024-04-18T07:34:17.7599138-03:00" endTime="2024-04-18T07:34:17.7599139-03:00" testType="13cdc9d9-ddb5-4fa4-a97d-d965ccfc6d4b" outcome="Passed" testListId="8c84fa94-04c1-424b-9868-57a2d4851a1d" relativeResultsDirectory="fc1b3670-81ec-450b-80fe-f1d623d551bd" />
    <UnitTestResult executionId="c07ddbf6-9d58-4c13-a363-f0828a0f8c40" testId="0427746e-c8a1-1ca5-7ea2-de78ce9313ef" testName="motorcycle.domain.unittest.ValueObjects.CNHUnitTest.CNH_Creation_ValidProperties" computerName="R9" duration="00:00:00.0009494" startTime="2024-04-18T07:34:17.7596921-03:00" endTime="2024-04-18T07:34:17.7596921-03:00" testType="13cdc9d9-ddb5-4fa4-a97d-d965ccfc6d4b" outcome="Passed" testListId="8c84fa94-04c1-424b-9868-57a2d4851a1d" relativeResultsDirectory="c07ddbf6-9d58-4c13-a363-f0828a0f8c40" />
    <UnitTestResult executionId="f0bfcbcf-7522-48e5-b0d1-db8cc8d21322" testId="f53a1916-0be0-fe5d-3b80-ff9ac08d316f" testName="motorcycle.domain.unittest.ValueObjects.CNHUnitTest.CNH_ChangeExpiration_NullExpirationDate" computerName="R9" duration="00:00:00.0000448" startTime="2024-04-18T07:34:17.7599083-03:00" endTime="2024-04-18T07:34:17.7599083-03:00" testType="13cdc9d9-ddb5-4fa4-a97d-d965ccfc6d4b" outcome="Passed" testListId="8c84fa94-04c1-424b-9868-57a2d4851a1d" relativeResultsDirectory="f0bfcbcf-7522-48e5-b0d1-db8cc8d21322" />
    <UnitTestResult executionId="8e758f1b-8b3c-4038-a7ba-f8c4bd3a7911" testId="6f20c842-7662-54fa-8d78-3d749e8b8483" testName="motorcycle.domain.unittest.Entities.VehicleUnitTest.Vehicle_ChangePlate_InvalidPlate" computerName="R9" duration="00:00:00.0001363" startTime="2024-04-18T07:34:17.7593706-03:00" endTime="2024-04-18T07:34:17.7593706-03:00" testType="13cdc9d9-ddb5-4fa4-a97d-d965ccfc6d4b" outcome="Passed" testListId="8c84fa94-04c1-424b-9868-57a2d4851a1d" relativeResultsDirectory="8e758f1b-8b3c-4038-a7ba-f8c4bd3a7911" />
    <UnitTestResult executionId="448ee110-4773-4608-90f3-f029078acd2e" testId="741f7fd7-2900-25f5-ffbd-f5ea35e6d65b" testName="motorcycle.domain.unittest.Entities.PlanUnitTest.Plan_ChangePrice_InvalidPrice" computerName="R9" duration="00:00:00.0007014" startTime="2024-04-18T07:34:17.7587765-03:00" endTime="2024-04-18T07:34:17.7587765-03:00" testType="13cdc9d9-ddb5-4fa4-a97d-d965ccfc6d4b" outcome="Passed" testListId="8c84fa94-04c1-424b-9868-57a2d4851a1d" relativeResultsDirectory="448ee110-4773-4608-90f3-f029078acd2e" />
    <UnitTestResult executionId="93c1b7c5-6001-4c04-8cf4-a3d3d6ca73cc" testId="2fc213b1-3ef0-7081-e613-ee5d68818991" testName="motorcycle.domain.unittest.Entities.VehicleUnitTest.Vehicle_ChangePlate_ValidPlate" computerName="R9" duration="00:00:00.0000657" startTime="2024-04-18T07:34:17.7593935-03:00" endTime="2024-04-18T07:34:17.7593935-03:00" testType="13cdc9d9-ddb5-4fa4-a97d-d965ccfc6d4b" outcome="Passed" testListId="8c84fa94-04c1-424b-9868-57a2d4851a1d" relativeResultsDirectory="93c1b7c5-6001-4c04-8cf4-a3d3d6ca73cc" />
    <UnitTestResult executionId="89f601b0-a826-4f7e-b87a-7ceac17c5ad7" testId="9aee7c82-9033-6276-2814-77c86e60c95e" testName="motorcycle.domain.unittest.Entities.VehicleUnitTest.Vehicle_ChangeType_InvalidType" computerName="R9" duration="00:00:00.0007369" startTime="2024-04-18T07:34:17.7587850-03:00" endTime="2024-04-18T07:34:17.7587851-03:00" testType="13cdc9d9-ddb5-4fa4-a97d-d965ccfc6d4b" outcome="Passed" testListId="8c84fa94-04c1-424b-9868-57a2d4851a1d" relativeResultsDirectory="89f601b0-a826-4f7e-b87a-7ceac17c5ad7" />
  </Results>
  <TestDefinitions>
    <UnitTest name="motorcycle.domain.unittest.ValueObjects.CNHUnitTest.CNH_Creation_ValidProperties" storage="c:\code\motorcycle\src\tests\motorcycle.domain.unittest\bin\debug\net8.0\motorcycle.domain.unittest.dll" id="0427746e-c8a1-1ca5-7ea2-de78ce9313ef">
      <Execution id="c07ddbf6-9d58-4c13-a363-f0828a0f8c40" />
      <TestMethod codeBase="C:\code\Motorcycle\src\tests\motorcycle.domain.unittest\bin\Debug\net8.0\motorcycle.domain.unittest.dll" adapterTypeName="executor://xunit/VsTestRunner2/netcoreapp" className="motorcycle.domain.unittest.ValueObjects.CNHUnitTest" name="CNH_Creation_ValidProperties" />
    </UnitTest>
    <UnitTest name="motorcycle.domain.unittest.Entities.RentVehicleUnitTest.RentVehicle_ChangeDriver_ValidDriver" storage="c:\code\motorcycle\src\tests\motorcycle.domain.unittest\bin\debug\net8.0\motorcycle.domain.unittest.dll" id="c38741d5-de56-12c8-1781-0c3de9051d01">
      <Execution id="5d189c92-fde2-4be2-a46f-6a00805f6c09" />
      <TestMethod codeBase="C:\code\Motorcycle\src\tests\motorcycle.domain.unittest\bin\Debug\net8.0\motorcycle.domain.unittest.dll" adapterTypeName="executor://xunit/VsTestRunner2/netcoreapp" className="motorcycle.domain.unittest.Entities.RentVehicleUnitTest" name="RentVehicle_ChangeDriver_ValidDriver" />
    </UnitTest>
    <UnitTest name="motorcycle.domain.unittest.Entities.VehicleUnitTest.Vehicle_ChangeType_ValidType" storage="c:\code\motorcycle\src\tests\motorcycle.domain.unittest\bin\debug\net8.0\motorcycle.domain.unittest.dll" id="a204017c-1378-2b06-bede-67c1262ec87a">
      <Execution id="7d88aaa0-ee0c-4021-8fb9-1906f95befef" />
      <TestMethod codeBase="C:\code\Motorcycle\src\tests\motorcycle.domain.unittest\bin\Debug\net8.0\motorcycle.domain.unittest.dll" adapterTypeName="executor://xunit/VsTestRunner2/netcoreapp" className="motorcycle.domain.unittest.Entities.VehicleUnitTest" name="Vehicle_ChangeType_ValidType" />
    </UnitTest>
    <UnitTest name="motorcycle.domain.unittest.ValueObjects.CNHUnitTest.CNH_ChangeDocumentNumber_ValidDocumentNumber" storage="c:\code\motorcycle\src\tests\motorcycle.domain.unittest\bin\debug\net8.0\motorcycle.domain.unittest.dll" id="c41bde4b-12de-1a6f-bc3f-a730200b66f3">
      <Execution id="798c09ab-20f7-4e2c-8818-1a5b487b2b94" />
      <TestMethod codeBase="C:\code\Motorcycle\src\tests\motorcycle.domain.unittest\bin\Debug\net8.0\motorcycle.domain.unittest.dll" adapterTypeName="executor://xunit/VsTestRunner2/netcoreapp" className="motorcycle.domain.unittest.ValueObjects.CNHUnitTest" name="CNH_ChangeDocumentNumber_ValidDocumentNumber" />
    </UnitTest>
    <UnitTest name="motorcycle.domain.unittest.Entities.RentVehicleUnitTest.RentVehicle_Creation_ValidProperties" storage="c:\code\motorcycle\src\tests\motorcycle.domain.unittest\bin\debug\net8.0\motorcycle.domain.unittest.dll" id="9fe5da04-a4a1-3efb-2b37-1fbfdb7f708e">
      <Execution id="383875d5-971e-44e0-aec2-1823f0d4da85" />
      <TestMethod codeBase="C:\code\Motorcycle\src\tests\motorcycle.domain.unittest\bin\Debug\net8.0\motorcycle.domain.unittest.dll" adapterTypeName="executor://xunit/VsTestRunner2/netcoreapp" className="motorcycle.domain.unittest.Entities.RentVehicleUnitTest" name="RentVehicle_Creation_ValidProperties" />
    </UnitTest>
    <UnitTest name="motorcycle.domain.unittest.Entities.PlanUnitTest.Plan_ChangePrice_InvalidPrice" storage="c:\code\motorcycle\src\tests\motorcycle.domain.unittest\bin\debug\net8.0\motorcycle.domain.unittest.dll" id="741f7fd7-2900-25f5-ffbd-f5ea35e6d65b">
      <Execution id="448ee110-4773-4608-90f3-f029078acd2e" />
      <TestMethod codeBase="C:\code\Motorcycle\src\tests\motorcycle.domain.unittest\bin\Debug\net8.0\motorcycle.domain.unittest.dll" adapterTypeName="executor://xunit/VsTestRunner2/netcoreapp" className="motorcycle.domain.unittest.Entities.PlanUnitTest" name="Plan_ChangePrice_InvalidPrice" />
    </UnitTest>
    <UnitTest name="motorcycle.domain.unittest.Entities.RentVehicleUnitTest.RentVehicle_CancelRent_ValidCancellation" storage="c:\code\motorcycle\src\tests\motorcycle.domain.unittest\bin\debug\net8.0\motorcycle.domain.unittest.dll" id="18b66e2a-52ac-cd0e-5f2f-00adda9868c2">
      <Execution id="56864238-0dd5-476d-8cf9-0b5ef6a73577" />
      <TestMethod codeBase="C:\code\Motorcycle\src\tests\motorcycle.domain.unittest\bin\Debug\net8.0\motorcycle.domain.unittest.dll" adapterTypeName="executor://xunit/VsTestRunner2/netcoreapp" className="motorcycle.domain.unittest.Entities.RentVehicleUnitTest" name="RentVehicle_CancelRent_ValidCancellation" />
    </UnitTest>
    <UnitTest name="motorcycle.domain.unittest.Entities.VehicleUnitTest.Vehicle_Creation_ValidProperties" storage="c:\code\motorcycle\src\tests\motorcycle.domain.unittest\bin\debug\net8.0\motorcycle.domain.unittest.dll" id="3a3a2f3f-3ee7-f8b1-b92c-4be1024d01b1">
      <Execution id="d0742fbf-9e5e-44a2-b23a-dd0c7a2c5c93" />
      <TestMethod codeBase="C:\code\Motorcycle\src\tests\motorcycle.domain.unittest\bin\Debug\net8.0\motorcycle.domain.unittest.dll" adapterTypeName="executor://xunit/VsTestRunner2/netcoreapp" className="motorcycle.domain.unittest.Entities.VehicleUnitTest" name="Vehicle_Creation_ValidProperties" />
    </UnitTest>
    <UnitTest name="motorcycle.domain.unittest.Entities.PlanUnitTest.Plan_Creation_ValidProperties" storage="c:\code\motorcycle\src\tests\motorcycle.domain.unittest\bin\debug\net8.0\motorcycle.domain.unittest.dll" id="e15b20ed-ffb7-d9a1-98f4-3c0c599842b0">
      <Execution id="2a8ff149-cd36-4fb9-8aef-fe9aaf28c985" />
      <TestMethod codeBase="C:\code\Motorcycle\src\tests\motorcycle.domain.unittest\bin\Debug\net8.0\motorcycle.domain.unittest.dll" adapterTypeName="executor://xunit/VsTestRunner2/netcoreapp" className="motorcycle.domain.unittest.Entities.PlanUnitTest" name="Plan_Creation_ValidProperties" />
    </UnitTest>
    <UnitTest name="motorcycle.domain.unittest.Entities.RentVehicleUnitTest.RentVehicle_ChangeDriver_InvalidDriver" storage="c:\code\motorcycle\src\tests\motorcycle.domain.unittest\bin\debug\net8.0\motorcycle.domain.unittest.dll" id="cebc7ebb-79c6-4b80-2a44-1119365903dc">
      <Execution id="79283998-4045-4607-a3eb-a36702713bf1" />
      <TestMethod codeBase="C:\code\Motorcycle\src\tests\motorcycle.domain.unittest\bin\Debug\net8.0\motorcycle.domain.unittest.dll" adapterTypeName="executor://xunit/VsTestRunner2/netcoreapp" className="motorcycle.domain.unittest.Entities.RentVehicleUnitTest" name="RentVehicle_ChangeDriver_InvalidDriver" />
    </UnitTest>
    <UnitTest name="motorcycle.domain.unittest.ValueObjects.CNHUnitTest.CNH_ChangeDocumentNumber_InvalidDocumentNumber" storage="c:\code\motorcycle\src\tests\motorcycle.domain.unittest\bin\debug\net8.0\motorcycle.domain.unittest.dll" id="558092b9-90df-39bc-c77e-909c8bfe27aa">
      <Execution id="5e645c57-da19-4bfe-a720-a0c0a8d23f1d" />
      <TestMethod codeBase="C:\code\Motorcycle\src\tests\motorcycle.domain.unittest\bin\Debug\net8.0\motorcycle.domain.unittest.dll" adapterTypeName="executor://xunit/VsTestRunner2/netcoreapp" className="motorcycle.domain.unittest.ValueObjects.CNHUnitTest" name="CNH_ChangeDocumentNumber_InvalidDocumentNumber" />
    </UnitTest>
    <UnitTest name="motorcycle.domain.unittest.Entities.VehicleUnitTest.Vehicle_ChangeType_InvalidYear" storage="c:\code\motorcycle\src\tests\motorcycle.domain.unittest\bin\debug\net8.0\motorcycle.domain.unittest.dll" id="273b203d-eb9f-cfc8-ab21-919aa5dde2a8">
      <Execution id="7b437f40-297d-4c67-ad1b-c2037b54a9f9" />
      <TestMethod codeBase="C:\code\Motorcycle\src\tests\motorcycle.domain.unittest\bin\Debug\net8.0\motorcycle.domain.unittest.dll" adapterTypeName="executor://xunit/VsTestRunner2/netcoreapp" className="motorcycle.domain.unittest.Entities.VehicleUnitTest" name="Vehicle_ChangeType_InvalidYear" />
    </UnitTest>
    <UnitTest name="motorcycle.domain.unittest.Entities.DriverUnitTest.Driver_ChangeCNPJ_ValidCNPJ" storage="c:\code\motorcycle\src\tests\motorcycle.domain.unittest\bin\debug\net8.0\motorcycle.domain.unittest.dll" id="a82bbccf-c9fc-3e15-097c-dbdad53e59c2">
      <Execution id="0ae40822-2f80-4837-959c-0bf2d4dbed09" />
      <TestMethod codeBase="C:\code\Motorcycle\src\tests\motorcycle.domain.unittest\bin\Debug\net8.0\motorcycle.domain.unittest.dll" adapterTypeName="executor://xunit/VsTestRunner2/netcoreapp" className="motorcycle.domain.unittest.Entities.DriverUnitTest" name="Driver_ChangeCNPJ_ValidCNPJ" />
    </UnitTest>
    <UnitTest name="motorcycle.domain.unittest.Entities.DriverUnitTest.Driver_ChangeName_ValidName" storage="c:\code\motorcycle\src\tests\motorcycle.domain.unittest\bin\debug\net8.0\motorcycle.domain.unittest.dll" id="76f24cb7-9136-a30a-d3ab-6635ee63d6eb">
      <Execution id="eab533cf-7479-44b2-8c4b-ef7bec959af2" />
      <TestMethod codeBase="C:\code\Motorcycle\src\tests\motorcycle.domain.unittest\bin\Debug\net8.0\motorcycle.domain.unittest.dll" adapterTypeName="executor://xunit/VsTestRunner2/netcoreapp" className="motorcycle.domain.unittest.Entities.DriverUnitTest" name="Driver_ChangeName_ValidName" />
    </UnitTest>
    <UnitTest name="motorcycle.domain.unittest.Entities.VehicleUnitTest.Vehicle_ChangePlate_InvalidPlate" storage="c:\code\motorcycle\src\tests\motorcycle.domain.unittest\bin\debug\net8.0\motorcycle.domain.unittest.dll" id="6f20c842-7662-54fa-8d78-3d749e8b8483">
      <Execution id="8e758f1b-8b3c-4038-a7ba-f8c4bd3a7911" />
      <TestMethod codeBase="C:\code\Motorcycle\src\tests\motorcycle.domain.unittest\bin\Debug\net8.0\motorcycle.domain.unittest.dll" adapterTypeName="executor://xunit/VsTestRunner2/netcoreapp" className="motorcycle.domain.unittest.Entities.VehicleUnitTest" name="Vehicle_ChangePlate_InvalidPlate" />
    </UnitTest>
    <UnitTest name="motorcycle.domain.unittest.ValueObjects.CNHUnitTest.CNH_ChangeExpiration_ValidExpirationDate" storage="c:\code\motorcycle\src\tests\motorcycle.domain.unittest\bin\debug\net8.0\motorcycle.domain.unittest.dll" id="0f30b76d-e972-806f-d098-e6ee422eb5fd">
      <Execution id="ad14d146-d258-47c3-bd2c-1fc6a682e2ce" />
      <TestMethod codeBase="C:\code\Motorcycle\src\tests\motorcycle.domain.unittest\bin\Debug\net8.0\motorcycle.domain.unittest.dll" adapterTypeName="executor://xunit/VsTestRunner2/netcoreapp" className="motorcycle.domain.unittest.ValueObjects.CNHUnitTest" name="CNH_ChangeExpiration_ValidExpirationDate" />
    </UnitTest>
    <UnitTest name="motorcycle.domain.unittest.Entities.PlanUnitTest.Plan_ChangeDaysWithVehicle_InvalidDays" storage="c:\code\motorcycle\src\tests\motorcycle.domain.unittest\bin\debug\net8.0\motorcycle.domain.unittest.dll" id="130156e4-a5f5-2600-1424-9e0ce871e9ea">
      <Execution id="09383c4a-db2a-41fe-bfd4-c8c88f858ae5" />
      <TestMethod codeBase="C:\code\Motorcycle\src\tests\motorcycle.domain.unittest\bin\Debug\net8.0\motorcycle.domain.unittest.dll" adapterTypeName="executor://xunit/VsTestRunner2/netcoreapp" className="motorcycle.domain.unittest.Entities.PlanUnitTest" name="Plan_ChangeDaysWithVehicle_InvalidDays" />
    </UnitTest>
    <UnitTest name="motorcycle.domain.unittest.ValueObjects.TaxesUnitTest.CalculateTaxesWithExactlyDays" storage="c:\code\motorcycle\src\tests\motorcycle.domain.unittest\bin\debug\net8.0\motorcycle.domain.unittest.dll" id="3fff1954-7d55-2f63-e73b-2940ae022577">
      <Execution id="3db8ce80-80d9-4e38-b4f7-07211450622e" />
      <TestMethod codeBase="C:\code\Motorcycle\src\tests\motorcycle.domain.unittest\bin\Debug\net8.0\motorcycle.domain.unittest.dll" adapterTypeName="executor://xunit/VsTestRunner2/netcoreapp" className="motorcycle.domain.unittest.ValueObjects.TaxesUnitTest" name="CalculateTaxesWithExactlyDays" />
    </UnitTest>
    <UnitTest name="motorcycle.domain.unittest.Entities.DriverUnitTest.Driver_Creation_ValidProperties" storage="c:\code\motorcycle\src\tests\motorcycle.domain.unittest\bin\debug\net8.0\motorcycle.domain.unittest.dll" id="863c9c98-dc6b-d214-de53-fdf2aa81b10f">
      <Execution id="d8a04776-8af8-4cda-adb0-501b65b9efde" />
      <TestMethod codeBase="C:\code\Motorcycle\src\tests\motorcycle.domain.unittest\bin\Debug\net8.0\motorcycle.domain.unittest.dll" adapterTypeName="executor://xunit/VsTestRunner2/netcoreapp" className="motorcycle.domain.unittest.Entities.DriverUnitTest" name="Driver_Creation_ValidProperties" />
    </UnitTest>
    <UnitTest name="motorcycle.domain.unittest.Entities.RentVehicleUnitTest.RentVehicle_ChangeVehicle_ValidVehicle" storage="c:\code\motorcycle\src\tests\motorcycle.domain.unittest\bin\debug\net8.0\motorcycle.domain.unittest.dll" id="dfcc76fe-8ceb-bdb1-95e5-2c3368885760">
      <Execution id="fc1b3670-81ec-450b-80fe-f1d623d551bd" />
      <TestMethod codeBase="C:\code\Motorcycle\src\tests\motorcycle.domain.unittest\bin\Debug\net8.0\motorcycle.domain.unittest.dll" adapterTypeName="executor://xunit/VsTestRunner2/netcoreapp" className="motorcycle.domain.unittest.Entities.RentVehicleUnitTest" name="RentVehicle_ChangeVehicle_ValidVehicle" />
    </UnitTest>
    <UnitTest name="motorcycle.domain.unittest.Entities.RentVehicleUnitTest.RentVehicle_ChangeEndDate_InvalidEndDate" storage="c:\code\motorcycle\src\tests\motorcycle.domain.unittest\bin\debug\net8.0\motorcycle.domain.unittest.dll" id="4c5ea882-cae3-5335-5b6c-aa74996d315e">
      <Execution id="1c32a375-5981-466f-8f42-3ce1854dce5f" />
      <TestMethod codeBase="C:\code\Motorcycle\src\tests\motorcycle.domain.unittest\bin\Debug\net8.0\motorcycle.domain.unittest.dll" adapterTypeName="executor://xunit/VsTestRunner2/netcoreapp" className="motorcycle.domain.unittest.Entities.RentVehicleUnitTest" name="RentVehicle_ChangeEndDate_InvalidEndDate" />
    </UnitTest>
    <UnitTest name="motorcycle.domain.unittest.Entities.DriverUnitTest.Driver_ChangeBirthDay_InvalidBirthDay" storage="c:\code\motorcycle\src\tests\motorcycle.domain.unittest\bin\debug\net8.0\motorcycle.domain.unittest.dll" id="afb971a0-08d3-749f-4f0f-39e5c761cbde">
      <Execution id="40488d95-2ada-46f3-a1eb-7088cb145ad7" />
      <TestMethod codeBase="C:\code\Motorcycle\src\tests\motorcycle.domain.unittest\bin\Debug\net8.0\motorcycle.domain.unittest.dll" adapterTypeName="executor://xunit/VsTestRunner2/netcoreapp" className="motorcycle.domain.unittest.Entities.DriverUnitTest" name="Driver_ChangeBirthDay_InvalidBirthDay" />
    </UnitTest>
    <UnitTest name="motorcycle.domain.unittest.Entities.DriverUnitTest.Driver_ChangeName_InvalidName" storage="c:\code\motorcycle\src\tests\motorcycle.domain.unittest\bin\debug\net8.0\motorcycle.domain.unittest.dll" id="5ee6b803-6ab0-e29d-ba4b-51c38ab1ef7f">
      <Execution id="65978869-7814-400f-b8b9-546c5434f683" />
      <TestMethod codeBase="C:\code\Motorcycle\src\tests\motorcycle.domain.unittest\bin\Debug\net8.0\motorcycle.domain.unittest.dll" adapterTypeName="executor://xunit/VsTestRunner2/netcoreapp" className="motorcycle.domain.unittest.Entities.DriverUnitTest" name="Driver_ChangeName_InvalidName" />
    </UnitTest>
    <UnitTest name="motorcycle.domain.unittest.Entities.RentVehicleUnitTest.RentVehicle_ChangeEndDate_ValidEndDate" storage="c:\code\motorcycle\src\tests\motorcycle.domain.unittest\bin\debug\net8.0\motorcycle.domain.unittest.dll" id="0b7d746a-4d5d-663a-08ba-0a0a6a9097c1">
      <Execution id="f29c6397-b8cb-4378-9863-ec245e77bde4" />
      <TestMethod codeBase="C:\code\Motorcycle\src\tests\motorcycle.domain.unittest\bin\Debug\net8.0\motorcycle.domain.unittest.dll" adapterTypeName="executor://xunit/VsTestRunner2/netcoreapp" className="motorcycle.domain.unittest.Entities.RentVehicleUnitTest" name="RentVehicle_ChangeEndDate_ValidEndDate" />
    </UnitTest>
    <UnitTest name="motorcycle.domain.unittest.Entities.RentVehicleUnitTest.RentVehicle_ChangeDateToRent_InvalidDateToRent" storage="c:\code\motorcycle\src\tests\motorcycle.domain.unittest\bin\debug\net8.0\motorcycle.domain.unittest.dll" id="02cd5db8-7e0d-38ca-ecee-21dc89781d54">
      <Execution id="b89ac8da-4f09-4262-b661-552c562c1636" />
      <TestMethod codeBase="C:\code\Motorcycle\src\tests\motorcycle.domain.unittest\bin\Debug\net8.0\motorcycle.domain.unittest.dll" adapterTypeName="executor://xunit/VsTestRunner2/netcoreapp" className="motorcycle.domain.unittest.Entities.RentVehicleUnitTest" name="RentVehicle_ChangeDateToRent_InvalidDateToRent" />
    </UnitTest>
    <UnitTest name="motorcycle.domain.unittest.Entities.VehicleUnitTest.Vehicle_ChangeModel_InvalidModel" storage="c:\code\motorcycle\src\tests\motorcycle.domain.unittest\bin\debug\net8.0\motorcycle.domain.unittest.dll" id="d6efadcb-0027-778a-16f4-7efe61cd613a">
      <Execution id="fe399927-77b7-4f3c-a2ae-92c3930137a2" />
      <TestMethod codeBase="C:\code\Motorcycle\src\tests\motorcycle.domain.unittest\bin\Debug\net8.0\motorcycle.domain.unittest.dll" adapterTypeName="executor://xunit/VsTestRunner2/netcoreapp" className="motorcycle.domain.unittest.Entities.VehicleUnitTest" name="Vehicle_ChangeModel_InvalidModel" />
    </UnitTest>
    <UnitTest name="motorcycle.domain.unittest.ValueObjects.TaxesUnitTest.CalculateTaxesWithLessDays" storage="c:\code\motorcycle\src\tests\motorcycle.domain.unittest\bin\debug\net8.0\motorcycle.domain.unittest.dll" id="d7ed36e6-eaa5-5fa4-cbb3-70c0f20a3ae9">
      <Execution id="b7e6cb03-c3e9-4b7b-85d9-2b6eeb0c0d7c" />
      <TestMethod codeBase="C:\code\Motorcycle\src\tests\motorcycle.domain.unittest\bin\Debug\net8.0\motorcycle.domain.unittest.dll" adapterTypeName="executor://xunit/VsTestRunner2/netcoreapp" className="motorcycle.domain.unittest.ValueObjects.TaxesUnitTest" name="CalculateTaxesWithLessDays" />
    </UnitTest>
    <UnitTest name="motorcycle.domain.unittest.Entities.VehicleUnitTest.Vehicle_ChangePlate_ValidPlate" storage="c:\code\motorcycle\src\tests\motorcycle.domain.unittest\bin\debug\net8.0\motorcycle.domain.unittest.dll" id="2fc213b1-3ef0-7081-e613-ee5d68818991">
      <Execution id="93c1b7c5-6001-4c04-8cf4-a3d3d6ca73cc" />
      <TestMethod codeBase="C:\code\Motorcycle\src\tests\motorcycle.domain.unittest\bin\Debug\net8.0\motorcycle.domain.unittest.dll" adapterTypeName="executor://xunit/VsTestRunner2/netcoreapp" className="motorcycle.domain.unittest.Entities.VehicleUnitTest" name="Vehicle_ChangePlate_ValidPlate" />
    </UnitTest>
    <UnitTest name="motorcycle.domain.unittest.Entities.DriverUnitTest.Driver_ChangeBirthDay_ValidBirthDay" storage="c:\code\motorcycle\src\tests\motorcycle.domain.unittest\bin\debug\net8.0\motorcycle.domain.unittest.dll" id="52adbd51-a5a7-5a39-988e-d2a2508b663b">
      <Execution id="0919464d-aa85-49d2-a70d-f16f6947424d" />
      <TestMethod codeBase="C:\code\Motorcycle\src\tests\motorcycle.domain.unittest\bin\Debug\net8.0\motorcycle.domain.unittest.dll" adapterTypeName="executor://xunit/VsTestRunner2/netcoreapp" className="motorcycle.domain.unittest.Entities.DriverUnitTest" name="Driver_ChangeBirthDay_ValidBirthDay" />
    </UnitTest>
    <UnitTest name="motorcycle.domain.unittest.Entities.DriverUnitTest.Driver_ChangeCNH_ValidCNH" storage="c:\code\motorcycle\src\tests\motorcycle.domain.unittest\bin\debug\net8.0\motorcycle.domain.unittest.dll" id="4d8bc5d6-e7f9-1467-1a0f-187491400079">
      <Execution id="3d2cc85a-662c-4135-87a1-76c98f0911f0" />
      <TestMethod codeBase="C:\code\Motorcycle\src\tests\motorcycle.domain.unittest\bin\Debug\net8.0\motorcycle.domain.unittest.dll" adapterTypeName="executor://xunit/VsTestRunner2/netcoreapp" className="motorcycle.domain.unittest.Entities.DriverUnitTest" name="Driver_ChangeCNH_ValidCNH" />
    </UnitTest>
    <UnitTest name="motorcycle.domain.unittest.Entities.PlanUnitTest.Plan_ChangeDaysWithVehicle_ValidDays" storage="c:\code\motorcycle\src\tests\motorcycle.domain.unittest\bin\debug\net8.0\motorcycle.domain.unittest.dll" id="385ea3e7-caa6-06bc-a5d1-52585b3b290d">
      <Execution id="f0a5dcfb-ab99-4fb0-aef3-307f3536c465" />
      <TestMethod codeBase="C:\code\Motorcycle\src\tests\motorcycle.domain.unittest\bin\Debug\net8.0\motorcycle.domain.unittest.dll" adapterTypeName="executor://xunit/VsTestRunner2/netcoreapp" className="motorcycle.domain.unittest.Entities.PlanUnitTest" name="Plan_ChangeDaysWithVehicle_ValidDays" />
    </UnitTest>
    <UnitTest name="motorcycle.domain.unittest.ValueObjects.CNHUnitTest.CNH_ChangeDocumentType_ValidDocumentType" storage="c:\code\motorcycle\src\tests\motorcycle.domain.unittest\bin\debug\net8.0\motorcycle.domain.unittest.dll" id="21484ddd-aeca-038f-910a-83438820d144">
      <Execution id="88ab303e-440a-4d0d-90c7-354b62c3f4e2" />
      <TestMethod codeBase="C:\code\Motorcycle\src\tests\motorcycle.domain.unittest\bin\Debug\net8.0\motorcycle.domain.unittest.dll" adapterTypeName="executor://xunit/VsTestRunner2/netcoreapp" className="motorcycle.domain.unittest.ValueObjects.CNHUnitTest" name="CNH_ChangeDocumentType_ValidDocumentType" />
    </UnitTest>
    <UnitTest name="motorcycle.domain.unittest.Entities.RentVehicleUnitTest.RentVehicle_ChangePlan_ValidPlan" storage="c:\code\motorcycle\src\tests\motorcycle.domain.unittest\bin\debug\net8.0\motorcycle.domain.unittest.dll" id="229f3ae8-783b-1edd-cc3d-367e396988dc">
      <Execution id="c358ffdc-4ba5-41cc-84fc-9e63f14e1cff" />
      <TestMethod codeBase="C:\code\Motorcycle\src\tests\motorcycle.domain.unittest\bin\Debug\net8.0\motorcycle.domain.unittest.dll" adapterTypeName="executor://xunit/VsTestRunner2/netcoreapp" className="motorcycle.domain.unittest.Entities.RentVehicleUnitTest" name="RentVehicle_ChangePlan_ValidPlan" />
    </UnitTest>
    <UnitTest name="motorcycle.domain.unittest.Entities.DriverUnitTest.Driver_ChangeCNPJ_InvalidCNPJ" storage="c:\code\motorcycle\src\tests\motorcycle.domain.unittest\bin\debug\net8.0\motorcycle.domain.unittest.dll" id="e5613b70-fccc-911f-4e6a-9c2558ae599f">
      <Execution id="4bc184f4-bb6f-453e-becb-385950f92bd9" />
      <TestMethod codeBase="C:\code\Motorcycle\src\tests\motorcycle.domain.unittest\bin\Debug\net8.0\motorcycle.domain.unittest.dll" adapterTypeName="executor://xunit/VsTestRunner2/netcoreapp" className="motorcycle.domain.unittest.Entities.DriverUnitTest" name="Driver_ChangeCNPJ_InvalidCNPJ" />
    </UnitTest>
    <UnitTest name="motorcycle.domain.unittest.Entities.VehicleUnitTest.Vehicle_ChangeType_InvalidType" storage="c:\code\motorcycle\src\tests\motorcycle.domain.unittest\bin\debug\net8.0\motorcycle.domain.unittest.dll" id="9aee7c82-9033-6276-2814-77c86e60c95e">
      <Execution id="89f601b0-a826-4f7e-b87a-7ceac17c5ad7" />
      <TestMethod codeBase="C:\code\Motorcycle\src\tests\motorcycle.domain.unittest\bin\Debug\net8.0\motorcycle.domain.unittest.dll" adapterTypeName="executor://xunit/VsTestRunner2/netcoreapp" className="motorcycle.domain.unittest.Entities.VehicleUnitTest" name="Vehicle_ChangeType_InvalidType" />
    </UnitTest>
    <UnitTest name="motorcycle.domain.unittest.ValueObjects.CNHUnitTest.CNH_ChangeDocumentType_InvalidDocumentType" storage="c:\code\motorcycle\src\tests\motorcycle.domain.unittest\bin\debug\net8.0\motorcycle.domain.unittest.dll" id="94a10d9c-b430-2066-648b-bd6fe567ebb0">
      <Execution id="5f3dd3d1-932f-4504-891c-286cbddc941f" />
      <TestMethod codeBase="C:\code\Motorcycle\src\tests\motorcycle.domain.unittest\bin\Debug\net8.0\motorcycle.domain.unittest.dll" adapterTypeName="executor://xunit/VsTestRunner2/netcoreapp" className="motorcycle.domain.unittest.ValueObjects.CNHUnitTest" name="CNH_ChangeDocumentType_InvalidDocumentType" />
    </UnitTest>
    <UnitTest name="motorcycle.domain.unittest.ValueObjects.TaxesUnitTest.CalculateTaxesWithMoreDays" storage="c:\code\motorcycle\src\tests\motorcycle.domain.unittest\bin\debug\net8.0\motorcycle.domain.unittest.dll" id="a5b6a396-ef79-bc93-d30e-5ae04af953f0">
      <Execution id="9a5496b2-df21-4cc0-82e2-e74dec35e5d1" />
      <TestMethod codeBase="C:\code\Motorcycle\src\tests\motorcycle.domain.unittest\bin\Debug\net8.0\motorcycle.domain.unittest.dll" adapterTypeName="executor://xunit/VsTestRunner2/netcoreapp" className="motorcycle.domain.unittest.ValueObjects.TaxesUnitTest" name="CalculateTaxesWithMoreDays" />
    </UnitTest>
    <UnitTest name="motorcycle.domain.unittest.Entities.PlanUnitTest.Plan_ChangePrice_ValidPrice" storage="c:\code\motorcycle\src\tests\motorcycle.domain.unittest\bin\debug\net8.0\motorcycle.domain.unittest.dll" id="429cca6e-ebcc-b2d9-d3c7-5750f14246ab">
      <Execution id="e2837ba6-e9e0-4673-8e1e-409c7d27f183" />
      <TestMethod codeBase="C:\code\Motorcycle\src\tests\motorcycle.domain.unittest\bin\Debug\net8.0\motorcycle.domain.unittest.dll" adapterTypeName="executor://xunit/VsTestRunner2/netcoreapp" className="motorcycle.domain.unittest.Entities.PlanUnitTest" name="Plan_ChangePrice_ValidPrice" />
    </UnitTest>
    <UnitTest name="motorcycle.domain.unittest.Entities.RentVehicleUnitTest.RentVehicle_ChangeCause_ValidCause" storage="c:\code\motorcycle\src\tests\motorcycle.domain.unittest\bin\debug\net8.0\motorcycle.domain.unittest.dll" id="6e81a777-593b-4877-67a9-5c29c331ef77">
      <Execution id="1914c410-c488-4c6e-a79d-e9642ca794c5" />
      <TestMethod codeBase="C:\code\Motorcycle\src\tests\motorcycle.domain.unittest\bin\Debug\net8.0\motorcycle.domain.unittest.dll" adapterTypeName="executor://xunit/VsTestRunner2/netcoreapp" className="motorcycle.domain.unittest.Entities.RentVehicleUnitTest" name="RentVehicle_ChangeCause_ValidCause" />
    </UnitTest>
    <UnitTest name="motorcycle.domain.unittest.Entities.RentVehicleUnitTest.RentVehicle_ChangeDateToRent_ValidDateToRent" storage="c:\code\motorcycle\src\tests\motorcycle.domain.unittest\bin\debug\net8.0\motorcycle.domain.unittest.dll" id="f270f91c-e13a-a4da-c758-f3b7fbf5ca28">
      <Execution id="3664318f-5bcd-4e60-b750-9f82b1ffbdc8" />
      <TestMethod codeBase="C:\code\Motorcycle\src\tests\motorcycle.domain.unittest\bin\Debug\net8.0\motorcycle.domain.unittest.dll" adapterTypeName="executor://xunit/VsTestRunner2/netcoreapp" className="motorcycle.domain.unittest.Entities.RentVehicleUnitTest" name="RentVehicle_ChangeDateToRent_ValidDateToRent" />
    </UnitTest>
    <UnitTest name="motorcycle.domain.unittest.ValueObjects.CNHUnitTest.CNH_ChangeExpiration_NullExpirationDate" storage="c:\code\motorcycle\src\tests\motorcycle.domain.unittest\bin\debug\net8.0\motorcycle.domain.unittest.dll" id="f53a1916-0be0-fe5d-3b80-ff9ac08d316f">
      <Execution id="f0bfcbcf-7522-48e5-b0d1-db8cc8d21322" />
      <TestMethod codeBase="C:\code\Motorcycle\src\tests\motorcycle.domain.unittest\bin\Debug\net8.0\motorcycle.domain.unittest.dll" adapterTypeName="executor://xunit/VsTestRunner2/netcoreapp" className="motorcycle.domain.unittest.ValueObjects.CNHUnitTest" name="CNH_ChangeExpiration_NullExpirationDate" />
    </UnitTest>
    <UnitTest name="motorcycle.domain.unittest.Entities.VehicleUnitTest.Vehicle_ChangeModel_ValidModel" storage="c:\code\motorcycle\src\tests\motorcycle.domain.unittest\bin\debug\net8.0\motorcycle.domain.unittest.dll" id="222ed97c-791f-2c3f-bc14-f550d7c8981d">
      <Execution id="3ec766b4-63e8-448c-8c52-5edd2cf69f2c" />
      <TestMethod codeBase="C:\code\Motorcycle\src\tests\motorcycle.domain.unittest\bin\Debug\net8.0\motorcycle.domain.unittest.dll" adapterTypeName="executor://xunit/VsTestRunner2/netcoreapp" className="motorcycle.domain.unittest.Entities.VehicleUnitTest" name="Vehicle_ChangeModel_ValidModel" />
    </UnitTest>
  </TestDefinitions>
  <TestEntries>
    <TestEntry testId="d7ed36e6-eaa5-5fa4-cbb3-70c0f20a3ae9" executionId="b7e6cb03-c3e9-4b7b-85d9-2b6eeb0c0d7c" testListId="8c84fa94-04c1-424b-9868-57a2d4851a1d" />
    <TestEntry testId="558092b9-90df-39bc-c77e-909c8bfe27aa" executionId="5e645c57-da19-4bfe-a720-a0c0a8d23f1d" testListId="8c84fa94-04c1-424b-9868-57a2d4851a1d" />
    <TestEntry testId="a82bbccf-c9fc-3e15-097c-dbdad53e59c2" executionId="0ae40822-2f80-4837-959c-0bf2d4dbed09" testListId="8c84fa94-04c1-424b-9868-57a2d4851a1d" />
    <TestEntry testId="222ed97c-791f-2c3f-bc14-f550d7c8981d" executionId="3ec766b4-63e8-448c-8c52-5edd2cf69f2c" testListId="8c84fa94-04c1-424b-9868-57a2d4851a1d" />
    <TestEntry testId="c38741d5-de56-12c8-1781-0c3de9051d01" executionId="5d189c92-fde2-4be2-a46f-6a00805f6c09" testListId="8c84fa94-04c1-424b-9868-57a2d4851a1d" />
    <TestEntry testId="76f24cb7-9136-a30a-d3ab-6635ee63d6eb" executionId="eab533cf-7479-44b2-8c4b-ef7bec959af2" testListId="8c84fa94-04c1-424b-9868-57a2d4851a1d" />
    <TestEntry testId="21484ddd-aeca-038f-910a-83438820d144" executionId="88ab303e-440a-4d0d-90c7-354b62c3f4e2" testListId="8c84fa94-04c1-424b-9868-57a2d4851a1d" />
    <TestEntry testId="afb971a0-08d3-749f-4f0f-39e5c761cbde" executionId="40488d95-2ada-46f3-a1eb-7088cb145ad7" testListId="8c84fa94-04c1-424b-9868-57a2d4851a1d" />
    <TestEntry testId="130156e4-a5f5-2600-1424-9e0ce871e9ea" executionId="09383c4a-db2a-41fe-bfd4-c8c88f858ae5" testListId="8c84fa94-04c1-424b-9868-57a2d4851a1d" />
    <TestEntry testId="6e81a777-593b-4877-67a9-5c29c331ef77" executionId="1914c410-c488-4c6e-a79d-e9642ca794c5" testListId="8c84fa94-04c1-424b-9868-57a2d4851a1d" />
    <TestEntry testId="863c9c98-dc6b-d214-de53-fdf2aa81b10f" executionId="d8a04776-8af8-4cda-adb0-501b65b9efde" testListId="8c84fa94-04c1-424b-9868-57a2d4851a1d" />
    <TestEntry testId="385ea3e7-caa6-06bc-a5d1-52585b3b290d" executionId="f0a5dcfb-ab99-4fb0-aef3-307f3536c465" testListId="8c84fa94-04c1-424b-9868-57a2d4851a1d" />
    <TestEntry testId="0b7d746a-4d5d-663a-08ba-0a0a6a9097c1" executionId="f29c6397-b8cb-4378-9863-ec245e77bde4" testListId="8c84fa94-04c1-424b-9868-57a2d4851a1d" />
    <TestEntry testId="c41bde4b-12de-1a6f-bc3f-a730200b66f3" executionId="798c09ab-20f7-4e2c-8818-1a5b487b2b94" testListId="8c84fa94-04c1-424b-9868-57a2d4851a1d" />
    <TestEntry testId="e5613b70-fccc-911f-4e6a-9c2558ae599f" executionId="4bc184f4-bb6f-453e-becb-385950f92bd9" testListId="8c84fa94-04c1-424b-9868-57a2d4851a1d" />
    <TestEntry testId="cebc7ebb-79c6-4b80-2a44-1119365903dc" executionId="79283998-4045-4607-a3eb-a36702713bf1" testListId="8c84fa94-04c1-424b-9868-57a2d4851a1d" />
    <TestEntry testId="e15b20ed-ffb7-d9a1-98f4-3c0c599842b0" executionId="2a8ff149-cd36-4fb9-8aef-fe9aaf28c985" testListId="8c84fa94-04c1-424b-9868-57a2d4851a1d" />
    <TestEntry testId="429cca6e-ebcc-b2d9-d3c7-5750f14246ab" executionId="e2837ba6-e9e0-4673-8e1e-409c7d27f183" testListId="8c84fa94-04c1-424b-9868-57a2d4851a1d" />
    <TestEntry testId="d6efadcb-0027-778a-16f4-7efe61cd613a" executionId="fe399927-77b7-4f3c-a2ae-92c3930137a2" testListId="8c84fa94-04c1-424b-9868-57a2d4851a1d" />
    <TestEntry testId="3a3a2f3f-3ee7-f8b1-b92c-4be1024d01b1" executionId="d0742fbf-9e5e-44a2-b23a-dd0c7a2c5c93" testListId="8c84fa94-04c1-424b-9868-57a2d4851a1d" />
    <TestEntry testId="52adbd51-a5a7-5a39-988e-d2a2508b663b" executionId="0919464d-aa85-49d2-a70d-f16f6947424d" testListId="8c84fa94-04c1-424b-9868-57a2d4851a1d" />
    <TestEntry testId="18b66e2a-52ac-cd0e-5f2f-00adda9868c2" executionId="56864238-0dd5-476d-8cf9-0b5ef6a73577" testListId="8c84fa94-04c1-424b-9868-57a2d4851a1d" />
    <TestEntry testId="0f30b76d-e972-806f-d098-e6ee422eb5fd" executionId="ad14d146-d258-47c3-bd2c-1fc6a682e2ce" testListId="8c84fa94-04c1-424b-9868-57a2d4851a1d" />
    <TestEntry testId="94a10d9c-b430-2066-648b-bd6fe567ebb0" executionId="5f3dd3d1-932f-4504-891c-286cbddc941f" testListId="8c84fa94-04c1-424b-9868-57a2d4851a1d" />
    <TestEntry testId="4c5ea882-cae3-5335-5b6c-aa74996d315e" executionId="1c32a375-5981-466f-8f42-3ce1854dce5f" testListId="8c84fa94-04c1-424b-9868-57a2d4851a1d" />
    <TestEntry testId="02cd5db8-7e0d-38ca-ecee-21dc89781d54" executionId="b89ac8da-4f09-4262-b661-552c562c1636" testListId="8c84fa94-04c1-424b-9868-57a2d4851a1d" />
    <TestEntry testId="9fe5da04-a4a1-3efb-2b37-1fbfdb7f708e" executionId="383875d5-971e-44e0-aec2-1823f0d4da85" testListId="8c84fa94-04c1-424b-9868-57a2d4851a1d" />
    <TestEntry testId="f270f91c-e13a-a4da-c758-f3b7fbf5ca28" executionId="3664318f-5bcd-4e60-b750-9f82b1ffbdc8" testListId="8c84fa94-04c1-424b-9868-57a2d4851a1d" />
    <TestEntry testId="a204017c-1378-2b06-bede-67c1262ec87a" executionId="7d88aaa0-ee0c-4021-8fb9-1906f95befef" testListId="8c84fa94-04c1-424b-9868-57a2d4851a1d" />
    <TestEntry testId="a5b6a396-ef79-bc93-d30e-5ae04af953f0" executionId="9a5496b2-df21-4cc0-82e2-e74dec35e5d1" testListId="8c84fa94-04c1-424b-9868-57a2d4851a1d" />
    <TestEntry testId="3fff1954-7d55-2f63-e73b-2940ae022577" executionId="3db8ce80-80d9-4e38-b4f7-07211450622e" testListId="8c84fa94-04c1-424b-9868-57a2d4851a1d" />
    <TestEntry testId="229f3ae8-783b-1edd-cc3d-367e396988dc" executionId="c358ffdc-4ba5-41cc-84fc-9e63f14e1cff" testListId="8c84fa94-04c1-424b-9868-57a2d4851a1d" />
    <TestEntry testId="4d8bc5d6-e7f9-1467-1a0f-187491400079" executionId="3d2cc85a-662c-4135-87a1-76c98f0911f0" testListId="8c84fa94-04c1-424b-9868-57a2d4851a1d" />
    <TestEntry testId="5ee6b803-6ab0-e29d-ba4b-51c38ab1ef7f" executionId="65978869-7814-400f-b8b9-546c5434f683" testListId="8c84fa94-04c1-424b-9868-57a2d4851a1d" />
    <TestEntry testId="273b203d-eb9f-cfc8-ab21-919aa5dde2a8" executionId="7b437f40-297d-4c67-ad1b-c2037b54a9f9" testListId="8c84fa94-04c1-424b-9868-57a2d4851a1d" />
    <TestEntry testId="dfcc76fe-8ceb-bdb1-95e5-2c3368885760" executionId="fc1b3670-81ec-450b-80fe-f1d623d551bd" testListId="8c84fa94-04c1-424b-9868-57a2d4851a1d" />
    <TestEntry testId="0427746e-c8a1-1ca5-7ea2-de78ce9313ef" executionId="c07ddbf6-9d58-4c13-a363-f0828a0f8c40" testListId="8c84fa94-04c1-424b-9868-57a2d4851a1d" />
    <TestEntry testId="f53a1916-0be0-fe5d-3b80-ff9ac08d316f" executionId="f0bfcbcf-7522-48e5-b0d1-db8cc8d21322" testListId="8c84fa94-04c1-424b-9868-57a2d4851a1d" />
    <TestEntry testId="6f20c842-7662-54fa-8d78-3d749e8b8483" executionId="8e758f1b-8b3c-4038-a7ba-f8c4bd3a7911" testListId="8c84fa94-04c1-424b-9868-57a2d4851a1d" />
    <TestEntry testId="741f7fd7-2900-25f5-ffbd-f5ea35e6d65b" executionId="448ee110-4773-4608-90f3-f029078acd2e" testListId="8c84fa94-04c1-424b-9868-57a2d4851a1d" />
    <TestEntry testId="2fc213b1-3ef0-7081-e613-ee5d68818991" executionId="93c1b7c5-6001-4c04-8cf4-a3d3d6ca73cc" testListId="8c84fa94-04c1-424b-9868-57a2d4851a1d" />
    <TestEntry testId="9aee7c82-9033-6276-2814-77c86e60c95e" executionId="89f601b0-a826-4f7e-b87a-7ceac17c5ad7" testListId="8c84fa94-04c1-424b-9868-57a2d4851a1d" />
  </TestEntries>
  <TestLists>
    <TestList name="Results Not in a List" id="8c84fa94-04c1-424b-9868-57a2d4851a1d" />
    <TestList name="All Loaded Results" id="19431567-8539-422a-85d7-44ee4e166bda" />
  </TestLists>
  <ResultSummary outcome="Completed">
    <Counters total="42" executed="42" passed="42" failed="0" error="0" timeout="0" aborted="0" inconclusive="0" passedButRunAborted="0" notRunnable="0" notExecuted="0" disconnected="0" warning="0" completed="0" inProgress="0" pending="0" />
    <Output>
      <StdOut>[xUnit.net 00:00:00.00] xUnit.net VSTest Adapter v2.5.3.1+6b60a9e56a (64-bit .NET 8.0.4)&#xD;
[xUnit.net 00:00:00.03]   Discovering: motorcycle.domain.unittest&#xD;
[xUnit.net 00:00:00.05]   Discovered:  motorcycle.domain.unittest&#xD;
[xUnit.net 00:00:00.05]   Starting:    motorcycle.domain.unittest&#xD;
[xUnit.net 00:00:00.09]   Finished:    motorcycle.domain.unittest&#xD;
</StdOut>
    </Output>
  </ResultSummary>
</TestRun>